The system is: Linux - 3.10.0-514.2.2.el7.x86_64 - x86_64
Compiling the CXX compiler identification source file "CMakeCXXCompilerId.cpp" succeeded.
Compiler: /usr/local/bin/c++ 
Build flags: 
Id flags:  

The output was:
0


Compilation of the CXX compiler identification source "CMakeCXXCompilerId.cpp" produced "a.out"

The CXX compiler identification is GNU, found in "/data/home/hjbc0921/bhi_lab/tutorial/my_project-build/release/CMakeFiles/3.8.0/CompilerIdCXX/a.out"

Determining if the CXX compiler works passed with the following output:
Change Dir: /data/home/hjbc0921/bhi_lab/tutorial/my_project-build/release/CMakeFiles/CMakeTmp

Run Build Command:"/usr/bin/gmake" "cmTC_a6488/fast"
/usr/bin/gmake -f CMakeFiles/cmTC_a6488.dir/build.make CMakeFiles/cmTC_a6488.dir/build
gmake[1]: Entering directory `/data/home/hjbc0921/bhi_lab/tutorial/my_project-build/release/CMakeFiles/CMakeTmp'
Building CXX object CMakeFiles/cmTC_a6488.dir/testCXXCompiler.cxx.o
/usr/local/bin/c++     -o CMakeFiles/cmTC_a6488.dir/testCXXCompiler.cxx.o -c /data/home/hjbc0921/bhi_lab/tutorial/my_project-build/release/CMakeFiles/CMakeTmp/testCXXCompiler.cxx
Linking CXX executable cmTC_a6488
/usr/local/cmake-3.8.0-Linux-x86_64/bin/cmake -E cmake_link_script CMakeFiles/cmTC_a6488.dir/link.txt --verbose=1
/usr/local/bin/c++       -rdynamic CMakeFiles/cmTC_a6488.dir/testCXXCompiler.cxx.o  -o cmTC_a6488 
gmake[1]: Leaving directory `/data/home/hjbc0921/bhi_lab/tutorial/my_project-build/release/CMakeFiles/CMakeTmp'


Detecting CXX compiler ABI info compiled with the following output:
Change Dir: /data/home/hjbc0921/bhi_lab/tutorial/my_project-build/release/CMakeFiles/CMakeTmp

Run Build Command:"/usr/bin/gmake" "cmTC_4a6eb/fast"
/usr/bin/gmake -f CMakeFiles/cmTC_4a6eb.dir/build.make CMakeFiles/cmTC_4a6eb.dir/build
gmake[1]: Entering directory `/data/home/hjbc0921/bhi_lab/tutorial/my_project-build/release/CMakeFiles/CMakeTmp'
Building CXX object CMakeFiles/cmTC_4a6eb.dir/CMakeCXXCompilerABI.cpp.o
/usr/local/bin/c++     -o CMakeFiles/cmTC_4a6eb.dir/CMakeCXXCompilerABI.cpp.o -c /usr/local/cmake-3.8.0-Linux-x86_64/share/cmake-3.8/Modules/CMakeCXXCompilerABI.cpp
Linking CXX executable cmTC_4a6eb
/usr/local/cmake-3.8.0-Linux-x86_64/bin/cmake -E cmake_link_script CMakeFiles/cmTC_4a6eb.dir/link.txt --verbose=1
/usr/local/bin/c++      -v -rdynamic CMakeFiles/cmTC_4a6eb.dir/CMakeCXXCompilerABI.cpp.o  -o cmTC_4a6eb 
Using built-in specs.
COLLECT_GCC=/usr/local/bin/c++
COLLECT_LTO_WRAPPER=/usr/local/libexec/gcc/x86_64-pc-linux-gnu/6.3.0/lto-wrapper
Target: x86_64-pc-linux-gnu
Configured with: ./configure
Thread model: posix
gcc version 6.3.0 (GCC) 
COMPILER_PATH=/usr/local/libexec/gcc/x86_64-pc-linux-gnu/6.3.0/:/usr/local/libexec/gcc/x86_64-pc-linux-gnu/6.3.0/:/usr/local/libexec/gcc/x86_64-pc-linux-gnu/:/usr/local/lib/gcc/x86_64-pc-linux-gnu/6.3.0/:/usr/local/lib/gcc/x86_64-pc-linux-gnu/
LIBRARY_PATH=/usr/local/lib/gcc/x86_64-pc-linux-gnu/6.3.0/:/usr/local/lib/gcc/x86_64-pc-linux-gnu/6.3.0/../../../../lib64/:/lib/../lib64/:/usr/lib/../lib64/:/usr/local/lib/gcc/x86_64-pc-linux-gnu/6.3.0/../../../:/lib/:/usr/lib/
COLLECT_GCC_OPTIONS='-v' '-rdynamic' '-o' 'cmTC_4a6eb' '-shared-libgcc' '-mtune=generic' '-march=x86-64'
 /usr/local/libexec/gcc/x86_64-pc-linux-gnu/6.3.0/collect2 -plugin /usr/local/libexec/gcc/x86_64-pc-linux-gnu/6.3.0/liblto_plugin.so -plugin-opt=/usr/local/libexec/gcc/x86_64-pc-linux-gnu/6.3.0/lto-wrapper -plugin-opt=-fresolution=/tmp/cc8KPT39.res -plugin-opt=-pass-through=-lgcc_s -plugin-opt=-pass-through=-lgcc -plugin-opt=-pass-through=-lc -plugin-opt=-pass-through=-lgcc_s -plugin-opt=-pass-through=-lgcc --eh-frame-hdr -m elf_x86_64 -export-dynamic -dynamic-linker /lib64/ld-linux-x86-64.so.2 -o cmTC_4a6eb /lib/../lib64/crt1.o /lib/../lib64/crti.o /usr/local/lib/gcc/x86_64-pc-linux-gnu/6.3.0/crtbegin.o -L/usr/local/lib/gcc/x86_64-pc-linux-gnu/6.3.0 -L/usr/local/lib/gcc/x86_64-pc-linux-gnu/6.3.0/../../../../lib64 -L/lib/../lib64 -L/usr/lib/../lib64 -L/usr/local/lib/gcc/x86_64-pc-linux-gnu/6.3.0/../../.. CMakeFiles/cmTC_4a6eb.dir/CMakeCXXCompilerABI.cpp.o -lstdc++ -lm -lgcc_s -lgcc -lc -lgcc_s -lgcc /usr/local/lib/gcc/x86_64-pc-linux-gnu/6.3.0/crtend.o /lib/../lib64/crtn.o
COLLECT_GCC_OPTIONS='-v' '-rdynamic' '-o' 'cmTC_4a6eb' '-shared-libgcc' '-mtune=generic' '-march=x86-64'
gmake[1]: Leaving directory `/data/home/hjbc0921/bhi_lab/tutorial/my_project-build/release/CMakeFiles/CMakeTmp'


Parsed CXX implicit link information from above output:
  link line regex: [^( *|.*[/\])(ld|([^/\]+-)?ld|collect2)[^/\]*( |$)]
  ignore line: [Change Dir: /data/home/hjbc0921/bhi_lab/tutorial/my_project-build/release/CMakeFiles/CMakeTmp]
  ignore line: []
  ignore line: [Run Build Command:"/usr/bin/gmake" "cmTC_4a6eb/fast"]
  ignore line: [/usr/bin/gmake -f CMakeFiles/cmTC_4a6eb.dir/build.make CMakeFiles/cmTC_4a6eb.dir/build]
  ignore line: [gmake[1]: Entering directory `/data/home/hjbc0921/bhi_lab/tutorial/my_project-build/release/CMakeFiles/CMakeTmp']
  ignore line: [Building CXX object CMakeFiles/cmTC_4a6eb.dir/CMakeCXXCompilerABI.cpp.o]
  ignore line: [/usr/local/bin/c++     -o CMakeFiles/cmTC_4a6eb.dir/CMakeCXXCompilerABI.cpp.o -c /usr/local/cmake-3.8.0-Linux-x86_64/share/cmake-3.8/Modules/CMakeCXXCompilerABI.cpp]
  ignore line: [Linking CXX executable cmTC_4a6eb]
  ignore line: [/usr/local/cmake-3.8.0-Linux-x86_64/bin/cmake -E cmake_link_script CMakeFiles/cmTC_4a6eb.dir/link.txt --verbose=1]
  ignore line: [/usr/local/bin/c++      -v -rdynamic CMakeFiles/cmTC_4a6eb.dir/CMakeCXXCompilerABI.cpp.o  -o cmTC_4a6eb ]
  ignore line: [Using built-in specs.]
  ignore line: [COLLECT_GCC=/usr/local/bin/c++]
  ignore line: [COLLECT_LTO_WRAPPER=/usr/local/libexec/gcc/x86_64-pc-linux-gnu/6.3.0/lto-wrapper]
  ignore line: [Target: x86_64-pc-linux-gnu]
  ignore line: [Configured with: ./configure]
  ignore line: [Thread model: posix]
  ignore line: [gcc version 6.3.0 (GCC) ]
  ignore line: [COMPILER_PATH=/usr/local/libexec/gcc/x86_64-pc-linux-gnu/6.3.0/:/usr/local/libexec/gcc/x86_64-pc-linux-gnu/6.3.0/:/usr/local/libexec/gcc/x86_64-pc-linux-gnu/:/usr/local/lib/gcc/x86_64-pc-linux-gnu/6.3.0/:/usr/local/lib/gcc/x86_64-pc-linux-gnu/]
  ignore line: [LIBRARY_PATH=/usr/local/lib/gcc/x86_64-pc-linux-gnu/6.3.0/:/usr/local/lib/gcc/x86_64-pc-linux-gnu/6.3.0/../../../../lib64/:/lib/../lib64/:/usr/lib/../lib64/:/usr/local/lib/gcc/x86_64-pc-linux-gnu/6.3.0/../../../:/lib/:/usr/lib/]
  ignore line: [COLLECT_GCC_OPTIONS='-v' '-rdynamic' '-o' 'cmTC_4a6eb' '-shared-libgcc' '-mtune=generic' '-march=x86-64']
  link line: [ /usr/local/libexec/gcc/x86_64-pc-linux-gnu/6.3.0/collect2 -plugin /usr/local/libexec/gcc/x86_64-pc-linux-gnu/6.3.0/liblto_plugin.so -plugin-opt=/usr/local/libexec/gcc/x86_64-pc-linux-gnu/6.3.0/lto-wrapper -plugin-opt=-fresolution=/tmp/cc8KPT39.res -plugin-opt=-pass-through=-lgcc_s -plugin-opt=-pass-through=-lgcc -plugin-opt=-pass-through=-lc -plugin-opt=-pass-through=-lgcc_s -plugin-opt=-pass-through=-lgcc --eh-frame-hdr -m elf_x86_64 -export-dynamic -dynamic-linker /lib64/ld-linux-x86-64.so.2 -o cmTC_4a6eb /lib/../lib64/crt1.o /lib/../lib64/crti.o /usr/local/lib/gcc/x86_64-pc-linux-gnu/6.3.0/crtbegin.o -L/usr/local/lib/gcc/x86_64-pc-linux-gnu/6.3.0 -L/usr/local/lib/gcc/x86_64-pc-linux-gnu/6.3.0/../../../../lib64 -L/lib/../lib64 -L/usr/lib/../lib64 -L/usr/local/lib/gcc/x86_64-pc-linux-gnu/6.3.0/../../.. CMakeFiles/cmTC_4a6eb.dir/CMakeCXXCompilerABI.cpp.o -lstdc++ -lm -lgcc_s -lgcc -lc -lgcc_s -lgcc /usr/local/lib/gcc/x86_64-pc-linux-gnu/6.3.0/crtend.o /lib/../lib64/crtn.o]
    arg [/usr/local/libexec/gcc/x86_64-pc-linux-gnu/6.3.0/collect2] ==> ignore
    arg [-plugin] ==> ignore
    arg [/usr/local/libexec/gcc/x86_64-pc-linux-gnu/6.3.0/liblto_plugin.so] ==> ignore
    arg [-plugin-opt=/usr/local/libexec/gcc/x86_64-pc-linux-gnu/6.3.0/lto-wrapper] ==> ignore
    arg [-plugin-opt=-fresolution=/tmp/cc8KPT39.res] ==> ignore
    arg [-plugin-opt=-pass-through=-lgcc_s] ==> ignore
    arg [-plugin-opt=-pass-through=-lgcc] ==> ignore
    arg [-plugin-opt=-pass-through=-lc] ==> ignore
    arg [-plugin-opt=-pass-through=-lgcc_s] ==> ignore
    arg [-plugin-opt=-pass-through=-lgcc] ==> ignore
    arg [--eh-frame-hdr] ==> ignore
    arg [-m] ==> ignore
    arg [elf_x86_64] ==> ignore
    arg [-export-dynamic] ==> ignore
    arg [-dynamic-linker] ==> ignore
    arg [/lib64/ld-linux-x86-64.so.2] ==> ignore
    arg [-o] ==> ignore
    arg [cmTC_4a6eb] ==> ignore
    arg [/lib/../lib64/crt1.o] ==> ignore
    arg [/lib/../lib64/crti.o] ==> ignore
    arg [/usr/local/lib/gcc/x86_64-pc-linux-gnu/6.3.0/crtbegin.o] ==> ignore
    arg [-L/usr/local/lib/gcc/x86_64-pc-linux-gnu/6.3.0] ==> dir [/usr/local/lib/gcc/x86_64-pc-linux-gnu/6.3.0]
    arg [-L/usr/local/lib/gcc/x86_64-pc-linux-gnu/6.3.0/../../../../lib64] ==> dir [/usr/local/lib/gcc/x86_64-pc-linux-gnu/6.3.0/../../../../lib64]
    arg [-L/lib/../lib64] ==> dir [/lib/../lib64]
    arg [-L/usr/lib/../lib64] ==> dir [/usr/lib/../lib64]
    arg [-L/usr/local/lib/gcc/x86_64-pc-linux-gnu/6.3.0/../../..] ==> dir [/usr/local/lib/gcc/x86_64-pc-linux-gnu/6.3.0/../../..]
    arg [CMakeFiles/cmTC_4a6eb.dir/CMakeCXXCompilerABI.cpp.o] ==> ignore
    arg [-lstdc++] ==> lib [stdc++]
    arg [-lm] ==> lib [m]
    arg [-lgcc_s] ==> lib [gcc_s]
    arg [-lgcc] ==> lib [gcc]
    arg [-lc] ==> lib [c]
    arg [-lgcc_s] ==> lib [gcc_s]
    arg [-lgcc] ==> lib [gcc]
    arg [/usr/local/lib/gcc/x86_64-pc-linux-gnu/6.3.0/crtend.o] ==> ignore
    arg [/lib/../lib64/crtn.o] ==> ignore
  remove lib [gcc_s]
  remove lib [gcc]
  remove lib [gcc_s]
  remove lib [gcc]
  collapse library dir [/usr/local/lib/gcc/x86_64-pc-linux-gnu/6.3.0] ==> [/usr/local/lib/gcc/x86_64-pc-linux-gnu/6.3.0]
  collapse library dir [/usr/local/lib/gcc/x86_64-pc-linux-gnu/6.3.0/../../../../lib64] ==> [/usr/local/lib64]
  collapse library dir [/lib/../lib64] ==> [/lib64]
  collapse library dir [/usr/lib/../lib64] ==> [/usr/lib64]
  collapse library dir [/usr/local/lib/gcc/x86_64-pc-linux-gnu/6.3.0/../../..] ==> [/usr/local/lib]
  implicit libs: [stdc++;m;c]
  implicit dirs: [/usr/local/lib/gcc/x86_64-pc-linux-gnu/6.3.0;/usr/local/lib64;/lib64;/usr/lib64;/usr/local/lib]
  implicit fwks: []




Detecting CXX [-std=c++1z] compiler features compiled with the following output:
Change Dir: /data/home/hjbc0921/bhi_lab/tutorial/my_project-build/release/CMakeFiles/CMakeTmp

Run Build Command:"/usr/bin/gmake" "cmTC_2c697/fast"
/usr/bin/gmake -f CMakeFiles/cmTC_2c697.dir/build.make CMakeFiles/cmTC_2c697.dir/build
gmake[1]: Entering directory `/data/home/hjbc0921/bhi_lab/tutorial/my_project-build/release/CMakeFiles/CMakeTmp'
Building CXX object CMakeFiles/cmTC_2c697.dir/feature_tests.cxx.o
/usr/local/bin/c++    -std=c++1z -o CMakeFiles/cmTC_2c697.dir/feature_tests.cxx.o -c /data/home/hjbc0921/bhi_lab/tutorial/my_project-build/release/CMakeFiles/feature_tests.cxx
Linking CXX executable cmTC_2c697
/usr/local/cmake-3.8.0-Linux-x86_64/bin/cmake -E cmake_link_script CMakeFiles/cmTC_2c697.dir/link.txt --verbose=1
/usr/local/bin/c++       -rdynamic CMakeFiles/cmTC_2c697.dir/feature_tests.cxx.o  -o cmTC_2c697 
gmake[1]: Leaving directory `/data/home/hjbc0921/bhi_lab/tutorial/my_project-build/release/CMakeFiles/CMakeTmp'


    Feature record: CXX_FEATURE:1cxx_aggregate_default_initializers
    Feature record: CXX_FEATURE:1cxx_alias_templates
    Feature record: CXX_FEATURE:1cxx_alignas
    Feature record: CXX_FEATURE:1cxx_alignof
    Feature record: CXX_FEATURE:1cxx_attributes
    Feature record: CXX_FEATURE:1cxx_attribute_deprecated
    Feature record: CXX_FEATURE:1cxx_auto_type
    Feature record: CXX_FEATURE:1cxx_binary_literals
    Feature record: CXX_FEATURE:1cxx_constexpr
    Feature record: CXX_FEATURE:1cxx_contextual_conversions
    Feature record: CXX_FEATURE:1cxx_decltype
    Feature record: CXX_FEATURE:1cxx_decltype_auto
    Feature record: CXX_FEATURE:1cxx_decltype_incomplete_return_types
    Feature record: CXX_FEATURE:1cxx_default_function_template_args
    Feature record: CXX_FEATURE:1cxx_defaulted_functions
    Feature record: CXX_FEATURE:1cxx_defaulted_move_initializers
    Feature record: CXX_FEATURE:1cxx_delegating_constructors
    Feature record: CXX_FEATURE:1cxx_deleted_functions
    Feature record: CXX_FEATURE:1cxx_digit_separators
    Feature record: CXX_FEATURE:1cxx_enum_forward_declarations
    Feature record: CXX_FEATURE:1cxx_explicit_conversions
    Feature record: CXX_FEATURE:1cxx_extended_friend_declarations
    Feature record: CXX_FEATURE:1cxx_extern_templates
    Feature record: CXX_FEATURE:1cxx_final
    Feature record: CXX_FEATURE:1cxx_func_identifier
    Feature record: CXX_FEATURE:1cxx_generalized_initializers
    Feature record: CXX_FEATURE:1cxx_generic_lambdas
    Feature record: CXX_FEATURE:1cxx_inheriting_constructors
    Feature record: CXX_FEATURE:1cxx_inline_namespaces
    Feature record: CXX_FEATURE:1cxx_lambdas
    Feature record: CXX_FEATURE:1cxx_lambda_init_captures
    Feature record: CXX_FEATURE:1cxx_local_type_template_args
    Feature record: CXX_FEATURE:1cxx_long_long_type
    Feature record: CXX_FEATURE:1cxx_noexcept
    Feature record: CXX_FEATURE:1cxx_nonstatic_member_init
    Feature record: CXX_FEATURE:1cxx_nullptr
    Feature record: CXX_FEATURE:1cxx_override
    Feature record: CXX_FEATURE:1cxx_range_for
    Feature record: CXX_FEATURE:1cxx_raw_string_literals
    Feature record: CXX_FEATURE:1cxx_reference_qualified_functions
    Feature record: CXX_FEATURE:1cxx_relaxed_constexpr
    Feature record: CXX_FEATURE:1cxx_return_type_deduction
    Feature record: CXX_FEATURE:1cxx_right_angle_brackets
    Feature record: CXX_FEATURE:1cxx_rvalue_references
    Feature record: CXX_FEATURE:1cxx_sizeof_member
    Feature record: CXX_FEATURE:1cxx_static_assert
    Feature record: CXX_FEATURE:1cxx_strong_enums
    Feature record: CXX_FEATURE:1cxx_template_template_parameters
    Feature record: CXX_FEATURE:1cxx_thread_local
    Feature record: CXX_FEATURE:1cxx_trailing_return_types
    Feature record: CXX_FEATURE:1cxx_unicode_literals
    Feature record: CXX_FEATURE:1cxx_uniform_initialization
    Feature record: CXX_FEATURE:1cxx_unrestricted_unions
    Feature record: CXX_FEATURE:1cxx_user_literals
    Feature record: CXX_FEATURE:1cxx_variable_templates
    Feature record: CXX_FEATURE:1cxx_variadic_macros
    Feature record: CXX_FEATURE:1cxx_variadic_templates


Detecting CXX [-std=c++14] compiler features compiled with the following output:
Change Dir: /data/home/hjbc0921/bhi_lab/tutorial/my_project-build/release/CMakeFiles/CMakeTmp

Run Build Command:"/usr/bin/gmake" "cmTC_f217d/fast"
/usr/bin/gmake -f CMakeFiles/cmTC_f217d.dir/build.make CMakeFiles/cmTC_f217d.dir/build
gmake[1]: Entering directory `/data/home/hjbc0921/bhi_lab/tutorial/my_project-build/release/CMakeFiles/CMakeTmp'
Building CXX object CMakeFiles/cmTC_f217d.dir/feature_tests.cxx.o
/usr/local/bin/c++    -std=c++14 -o CMakeFiles/cmTC_f217d.dir/feature_tests.cxx.o -c /data/home/hjbc0921/bhi_lab/tutorial/my_project-build/release/CMakeFiles/feature_tests.cxx
Linking CXX executable cmTC_f217d
/usr/local/cmake-3.8.0-Linux-x86_64/bin/cmake -E cmake_link_script CMakeFiles/cmTC_f217d.dir/link.txt --verbose=1
/usr/local/bin/c++       -rdynamic CMakeFiles/cmTC_f217d.dir/feature_tests.cxx.o  -o cmTC_f217d 
gmake[1]: Leaving directory `/data/home/hjbc0921/bhi_lab/tutorial/my_project-build/release/CMakeFiles/CMakeTmp'


    Feature record: CXX_FEATURE:1cxx_aggregate_default_initializers
    Feature record: CXX_FEATURE:1cxx_alias_templates
    Feature record: CXX_FEATURE:1cxx_alignas
    Feature record: CXX_FEATURE:1cxx_alignof
    Feature record: CXX_FEATURE:1cxx_attributes
    Feature record: CXX_FEATURE:1cxx_attribute_deprecated
    Feature record: CXX_FEATURE:1cxx_auto_type
    Feature record: CXX_FEATURE:1cxx_binary_literals
    Feature record: CXX_FEATURE:1cxx_constexpr
    Feature record: CXX_FEATURE:1cxx_contextual_conversions
    Feature record: CXX_FEATURE:1cxx_decltype
    Feature record: CXX_FEATURE:1cxx_decltype_auto
    Feature record: CXX_FEATURE:1cxx_decltype_incomplete_return_types
    Feature record: CXX_FEATURE:1cxx_default_function_template_args
    Feature record: CXX_FEATURE:1cxx_defaulted_functions
    Feature record: CXX_FEATURE:1cxx_defaulted_move_initializers
    Feature record: CXX_FEATURE:1cxx_delegating_constructors
    Feature record: CXX_FEATURE:1cxx_deleted_functions
    Feature record: CXX_FEATURE:1cxx_digit_separators
    Feature record: CXX_FEATURE:1cxx_enum_forward_declarations
    Feature record: CXX_FEATURE:1cxx_explicit_conversions
    Feature record: CXX_FEATURE:1cxx_extended_friend_declarations
    Feature record: CXX_FEATURE:1cxx_extern_templates
    Feature record: CXX_FEATURE:1cxx_final
    Feature record: CXX_FEATURE:1cxx_func_identifier
    Feature record: CXX_FEATURE:1cxx_generalized_initializers
    Feature record: CXX_FEATURE:1cxx_generic_lambdas
    Feature record: CXX_FEATURE:1cxx_inheriting_constructors
    Feature record: CXX_FEATURE:1cxx_inline_namespaces
    Feature record: CXX_FEATURE:1cxx_lambdas
    Feature record: CXX_FEATURE:1cxx_lambda_init_captures
    Feature record: CXX_FEATURE:1cxx_local_type_template_args
    Feature record: CXX_FEATURE:1cxx_long_long_type
    Feature record: CXX_FEATURE:1cxx_noexcept
    Feature record: CXX_FEATURE:1cxx_nonstatic_member_init
    Feature record: CXX_FEATURE:1cxx_nullptr
    Feature record: CXX_FEATURE:1cxx_override
    Feature record: CXX_FEATURE:1cxx_range_for
    Feature record: CXX_FEATURE:1cxx_raw_string_literals
    Feature record: CXX_FEATURE:1cxx_reference_qualified_functions
    Feature record: CXX_FEATURE:1cxx_relaxed_constexpr
    Feature record: CXX_FEATURE:1cxx_return_type_deduction
    Feature record: CXX_FEATURE:1cxx_right_angle_brackets
    Feature record: CXX_FEATURE:1cxx_rvalue_references
    Feature record: CXX_FEATURE:1cxx_sizeof_member
    Feature record: CXX_FEATURE:1cxx_static_assert
    Feature record: CXX_FEATURE:1cxx_strong_enums
    Feature record: CXX_FEATURE:1cxx_template_template_parameters
    Feature record: CXX_FEATURE:1cxx_thread_local
    Feature record: CXX_FEATURE:1cxx_trailing_return_types
    Feature record: CXX_FEATURE:1cxx_unicode_literals
    Feature record: CXX_FEATURE:1cxx_uniform_initialization
    Feature record: CXX_FEATURE:1cxx_unrestricted_unions
    Feature record: CXX_FEATURE:1cxx_user_literals
    Feature record: CXX_FEATURE:1cxx_variable_templates
    Feature record: CXX_FEATURE:1cxx_variadic_macros
    Feature record: CXX_FEATURE:1cxx_variadic_templates


Detecting CXX [-std=c++11] compiler features compiled with the following output:
Change Dir: /data/home/hjbc0921/bhi_lab/tutorial/my_project-build/release/CMakeFiles/CMakeTmp

Run Build Command:"/usr/bin/gmake" "cmTC_80023/fast"
/usr/bin/gmake -f CMakeFiles/cmTC_80023.dir/build.make CMakeFiles/cmTC_80023.dir/build
gmake[1]: Entering directory `/data/home/hjbc0921/bhi_lab/tutorial/my_project-build/release/CMakeFiles/CMakeTmp'
Building CXX object CMakeFiles/cmTC_80023.dir/feature_tests.cxx.o
/usr/local/bin/c++    -std=c++11 -o CMakeFiles/cmTC_80023.dir/feature_tests.cxx.o -c /data/home/hjbc0921/bhi_lab/tutorial/my_project-build/release/CMakeFiles/feature_tests.cxx
Linking CXX executable cmTC_80023
/usr/local/cmake-3.8.0-Linux-x86_64/bin/cmake -E cmake_link_script CMakeFiles/cmTC_80023.dir/link.txt --verbose=1
/usr/local/bin/c++       -rdynamic CMakeFiles/cmTC_80023.dir/feature_tests.cxx.o  -o cmTC_80023 
gmake[1]: Leaving directory `/data/home/hjbc0921/bhi_lab/tutorial/my_project-build/release/CMakeFiles/CMakeTmp'


    Feature record: CXX_FEATURE:0cxx_aggregate_default_initializers
    Feature record: CXX_FEATURE:1cxx_alias_templates
    Feature record: CXX_FEATURE:1cxx_alignas
    Feature record: CXX_FEATURE:1cxx_alignof
    Feature record: CXX_FEATURE:1cxx_attributes
    Feature record: CXX_FEATURE:0cxx_attribute_deprecated
    Feature record: CXX_FEATURE:1cxx_auto_type
    Feature record: CXX_FEATURE:0cxx_binary_literals
    Feature record: CXX_FEATURE:1cxx_constexpr
    Feature record: CXX_FEATURE:0cxx_contextual_conversions
    Feature record: CXX_FEATURE:1cxx_decltype
    Feature record: CXX_FEATURE:0cxx_decltype_auto
    Feature record: CXX_FEATURE:1cxx_decltype_incomplete_return_types
    Feature record: CXX_FEATURE:1cxx_default_function_template_args
    Feature record: CXX_FEATURE:1cxx_defaulted_functions
    Feature record: CXX_FEATURE:1cxx_defaulted_move_initializers
    Feature record: CXX_FEATURE:1cxx_delegating_constructors
    Feature record: CXX_FEATURE:1cxx_deleted_functions
    Feature record: CXX_FEATURE:0cxx_digit_separators
    Feature record: CXX_FEATURE:1cxx_enum_forward_declarations
    Feature record: CXX_FEATURE:1cxx_explicit_conversions
    Feature record: CXX_FEATURE:1cxx_extended_friend_declarations
    Feature record: CXX_FEATURE:1cxx_extern_templates
    Feature record: CXX_FEATURE:1cxx_final
    Feature record: CXX_FEATURE:1cxx_func_identifier
    Feature record: CXX_FEATURE:1cxx_generalized_initializers
    Feature record: CXX_FEATURE:0cxx_generic_lambdas
    Feature record: CXX_FEATURE:1cxx_inheriting_constructors
    Feature record: CXX_FEATURE:1cxx_inline_namespaces
    Feature record: CXX_FEATURE:1cxx_lambdas
    Feature record: CXX_FEATURE:0cxx_lambda_init_captures
    Feature record: CXX_FEATURE:1cxx_local_type_template_args
    Feature record: CXX_FEATURE:1cxx_long_long_type
    Feature record: CXX_FEATURE:1cxx_noexcept
    Feature record: CXX_FEATURE:1cxx_nonstatic_member_init
    Feature record: CXX_FEATURE:1cxx_nullptr
    Feature record: CXX_FEATURE:1cxx_override
    Feature record: CXX_FEATURE:1cxx_range_for
    Feature record: CXX_FEATURE:1cxx_raw_string_literals
    Feature record: CXX_FEATURE:1cxx_reference_qualified_functions
    Feature record: CXX_FEATURE:0cxx_relaxed_constexpr
    Feature record: CXX_FEATURE:0cxx_return_type_deduction
    Feature record: CXX_FEATURE:1cxx_right_angle_brackets
    Feature record: CXX_FEATURE:1cxx_rvalue_references
    Feature record: CXX_FEATURE:1cxx_sizeof_member
    Feature record: CXX_FEATURE:1cxx_static_assert
    Feature record: CXX_FEATURE:1cxx_strong_enums
    Feature record: CXX_FEATURE:1cxx_template_template_parameters
    Feature record: CXX_FEATURE:1cxx_thread_local
    Feature record: CXX_FEATURE:1cxx_trailing_return_types
    Feature record: CXX_FEATURE:1cxx_unicode_literals
    Feature record: CXX_FEATURE:1cxx_uniform_initialization
    Feature record: CXX_FEATURE:1cxx_unrestricted_unions
    Feature record: CXX_FEATURE:1cxx_user_literals
    Feature record: CXX_FEATURE:0cxx_variable_templates
    Feature record: CXX_FEATURE:1cxx_variadic_macros
    Feature record: CXX_FEATURE:1cxx_variadic_templates


Detecting CXX [-std=c++98] compiler features compiled with the following output:
Change Dir: /data/home/hjbc0921/bhi_lab/tutorial/my_project-build/release/CMakeFiles/CMakeTmp

Run Build Command:"/usr/bin/gmake" "cmTC_fd69e/fast"
/usr/bin/gmake -f CMakeFiles/cmTC_fd69e.dir/build.make CMakeFiles/cmTC_fd69e.dir/build
gmake[1]: Entering directory `/data/home/hjbc0921/bhi_lab/tutorial/my_project-build/release/CMakeFiles/CMakeTmp'
Building CXX object CMakeFiles/cmTC_fd69e.dir/feature_tests.cxx.o
/usr/local/bin/c++    -std=c++98 -o CMakeFiles/cmTC_fd69e.dir/feature_tests.cxx.o -c /data/home/hjbc0921/bhi_lab/tutorial/my_project-build/release/CMakeFiles/feature_tests.cxx
Linking CXX executable cmTC_fd69e
/usr/local/cmake-3.8.0-Linux-x86_64/bin/cmake -E cmake_link_script CMakeFiles/cmTC_fd69e.dir/link.txt --verbose=1
/usr/local/bin/c++       -rdynamic CMakeFiles/cmTC_fd69e.dir/feature_tests.cxx.o  -o cmTC_fd69e 
gmake[1]: Leaving directory `/data/home/hjbc0921/bhi_lab/tutorial/my_project-build/release/CMakeFiles/CMakeTmp'


    Feature record: CXX_FEATURE:0cxx_aggregate_default_initializers
    Feature record: CXX_FEATURE:0cxx_alias_templates
    Feature record: CXX_FEATURE:0cxx_alignas
    Feature record: CXX_FEATURE:0cxx_alignof
    Feature record: CXX_FEATURE:0cxx_attributes
    Feature record: CXX_FEATURE:0cxx_attribute_deprecated
    Feature record: CXX_FEATURE:0cxx_auto_type
    Feature record: CXX_FEATURE:0cxx_binary_literals
    Feature record: CXX_FEATURE:0cxx_constexpr
    Feature record: CXX_FEATURE:0cxx_contextual_conversions
    Feature record: CXX_FEATURE:0cxx_decltype
    Feature record: CXX_FEATURE:0cxx_decltype_auto
    Feature record: CXX_FEATURE:0cxx_decltype_incomplete_return_types
    Feature record: CXX_FEATURE:0cxx_default_function_template_args
    Feature record: CXX_FEATURE:0cxx_defaulted_functions
    Feature record: CXX_FEATURE:0cxx_defaulted_move_initializers
    Feature record: CXX_FEATURE:0cxx_delegating_constructors
    Feature record: CXX_FEATURE:0cxx_deleted_functions
    Feature record: CXX_FEATURE:0cxx_digit_separators
    Feature record: CXX_FEATURE:0cxx_enum_forward_declarations
    Feature record: CXX_FEATURE:0cxx_explicit_conversions
    Feature record: CXX_FEATURE:0cxx_extended_friend_declarations
    Feature record: CXX_FEATURE:0cxx_extern_templates
    Feature record: CXX_FEATURE:0cxx_final
    Feature record: CXX_FEATURE:0cxx_func_identifier
    Feature record: CXX_FEATURE:0cxx_generalized_initializers
    Feature record: CXX_FEATURE:0cxx_generic_lambdas
    Feature record: CXX_FEATURE:0cxx_inheriting_constructors
    Feature record: CXX_FEATURE:0cxx_inline_namespaces
    Feature record: CXX_FEATURE:0cxx_lambdas
    Feature record: CXX_FEATURE:0cxx_lambda_init_captures
    Feature record: CXX_FEATURE:0cxx_local_type_template_args
    Feature record: CXX_FEATURE:0cxx_long_long_type
    Feature record: CXX_FEATURE:0cxx_noexcept
    Feature record: CXX_FEATURE:0cxx_nonstatic_member_init
    Feature record: CXX_FEATURE:0cxx_nullptr
    Feature record: CXX_FEATURE:0cxx_override
    Feature record: CXX_FEATURE:0cxx_range_for
    Feature record: CXX_FEATURE:0cxx_raw_string_literals
    Feature record: CXX_FEATURE:0cxx_reference_qualified_functions
    Feature record: CXX_FEATURE:0cxx_relaxed_constexpr
    Feature record: CXX_FEATURE:0cxx_return_type_deduction
    Feature record: CXX_FEATURE:0cxx_right_angle_brackets
    Feature record: CXX_FEATURE:0cxx_rvalue_references
    Feature record: CXX_FEATURE:0cxx_sizeof_member
    Feature record: CXX_FEATURE:0cxx_static_assert
    Feature record: CXX_FEATURE:0cxx_strong_enums
    Feature record: CXX_FEATURE:1cxx_template_template_parameters
    Feature record: CXX_FEATURE:0cxx_thread_local
    Feature record: CXX_FEATURE:0cxx_trailing_return_types
    Feature record: CXX_FEATURE:0cxx_unicode_literals
    Feature record: CXX_FEATURE:0cxx_uniform_initialization
    Feature record: CXX_FEATURE:0cxx_unrestricted_unions
    Feature record: CXX_FEATURE:0cxx_user_literals
    Feature record: CXX_FEATURE:0cxx_variable_templates
    Feature record: CXX_FEATURE:0cxx_variadic_macros
    Feature record: CXX_FEATURE:0cxx_variadic_templates
Performing C++ SOURCE FILE Test CXX14_BUILTIN succeeded with the following output:
Change Dir: /data/home/hjbc0921/bhi_lab/tutorial/my_project-build/release/CMakeFiles/CMakeTmp

Run Build Command:"/usr/bin/gmake" "cmTC_cfda7/fast"
/usr/bin/gmake -f CMakeFiles/cmTC_cfda7.dir/build.make CMakeFiles/cmTC_cfda7.dir/build
gmake[1]: Entering directory `/data/home/hjbc0921/bhi_lab/tutorial/my_project-build/release/CMakeFiles/CMakeTmp'
Building CXX object CMakeFiles/cmTC_cfda7.dir/src.cxx.o
/usr/local/bin/c++    -DCXX14_BUILTIN   -o CMakeFiles/cmTC_cfda7.dir/src.cxx.o -c /data/home/hjbc0921/bhi_lab/tutorial/my_project-build/release/CMakeFiles/CMakeTmp/src.cxx
Linking CXX executable cmTC_cfda7
/usr/local/cmake-3.8.0-Linux-x86_64/bin/cmake -E cmake_link_script CMakeFiles/cmTC_cfda7.dir/link.txt --verbose=1
/usr/local/bin/c++   -DCXX14_BUILTIN    -rdynamic CMakeFiles/cmTC_cfda7.dir/src.cxx.o  -o cmTC_cfda7 
gmake[1]: Leaving directory `/data/home/hjbc0921/bhi_lab/tutorial/my_project-build/release/CMakeFiles/CMakeTmp'

Source file was:
#if !defined(__cplusplus) || (__cplusplus < 201300L)
    #error NOCXX14
    #endif
    int main() {}
Determining if the include file execinfo.h exists passed with the following output:
Change Dir: /data/home/hjbc0921/bhi_lab/tutorial/my_project-build/release/CMakeFiles/CMakeTmp

Run Build Command:"/usr/bin/gmake" "cmTC_efcc5/fast"
/usr/bin/gmake -f CMakeFiles/cmTC_efcc5.dir/build.make CMakeFiles/cmTC_efcc5.dir/build
gmake[1]: Entering directory `/data/home/hjbc0921/bhi_lab/tutorial/my_project-build/release/CMakeFiles/CMakeTmp'
Building CXX object CMakeFiles/cmTC_efcc5.dir/CheckIncludeFile.cxx.o
/usr/local/bin/c++     -o CMakeFiles/cmTC_efcc5.dir/CheckIncludeFile.cxx.o -c /data/home/hjbc0921/bhi_lab/tutorial/my_project-build/release/CMakeFiles/CMakeTmp/CheckIncludeFile.cxx
Linking CXX executable cmTC_efcc5
/usr/local/cmake-3.8.0-Linux-x86_64/bin/cmake -E cmake_link_script CMakeFiles/cmTC_efcc5.dir/link.txt --verbose=1
/usr/local/bin/c++       -rdynamic CMakeFiles/cmTC_efcc5.dir/CheckIncludeFile.cxx.o  -o cmTC_efcc5 
gmake[1]: Leaving directory `/data/home/hjbc0921/bhi_lab/tutorial/my_project-build/release/CMakeFiles/CMakeTmp'


The system is: Linux - 3.10.0-514.2.2.el7.x86_64 - x86_64
Compiling the CXX compiler identification source file "CMakeCXXCompilerId.cpp" succeeded.
Compiler: /usr/local/bin/c++ 
Build flags: 
Id flags:  

The output was:
0


Compilation of the CXX compiler identification source "CMakeCXXCompilerId.cpp" produced "a.out"

The CXX compiler identification is GNU, found in "/data/home/hjbc0921/seqan/tutorial/my_project-build/release/CMakeFiles/3.8.0/CompilerIdCXX/a.out"

Determining if the CXX compiler works passed with the following output:
Change Dir: /data/home/hjbc0921/seqan/tutorial/my_project-build/release/CMakeFiles/CMakeTmp

Run Build Command:"/usr/bin/gmake" "cmTC_2034e/fast"
/usr/bin/gmake -f CMakeFiles/cmTC_2034e.dir/build.make CMakeFiles/cmTC_2034e.dir/build
gmake[1]: Entering directory `/data/home/hjbc0921/seqan/tutorial/my_project-build/release/CMakeFiles/CMakeTmp'
Building CXX object CMakeFiles/cmTC_2034e.dir/testCXXCompiler.cxx.o
/usr/local/bin/c++     -o CMakeFiles/cmTC_2034e.dir/testCXXCompiler.cxx.o -c /data/home/hjbc0921/seqan/tutorial/my_project-build/release/CMakeFiles/CMakeTmp/testCXXCompiler.cxx
Linking CXX executable cmTC_2034e
/usr/local/cmake-3.8.0-Linux-x86_64/bin/cmake -E cmake_link_script CMakeFiles/cmTC_2034e.dir/link.txt --verbose=1
/usr/local/bin/c++       -rdynamic CMakeFiles/cmTC_2034e.dir/testCXXCompiler.cxx.o  -o cmTC_2034e 
gmake[1]: Leaving directory `/data/home/hjbc0921/seqan/tutorial/my_project-build/release/CMakeFiles/CMakeTmp'


Detecting CXX compiler ABI info compiled with the following output:
Change Dir: /data/home/hjbc0921/seqan/tutorial/my_project-build/release/CMakeFiles/CMakeTmp

Run Build Command:"/usr/bin/gmake" "cmTC_f05f6/fast"
/usr/bin/gmake -f CMakeFiles/cmTC_f05f6.dir/build.make CMakeFiles/cmTC_f05f6.dir/build
gmake[1]: Entering directory `/data/home/hjbc0921/seqan/tutorial/my_project-build/release/CMakeFiles/CMakeTmp'
Building CXX object CMakeFiles/cmTC_f05f6.dir/CMakeCXXCompilerABI.cpp.o
/usr/local/bin/c++     -o CMakeFiles/cmTC_f05f6.dir/CMakeCXXCompilerABI.cpp.o -c /usr/local/cmake-3.8.0-Linux-x86_64/share/cmake-3.8/Modules/CMakeCXXCompilerABI.cpp
Linking CXX executable cmTC_f05f6
/usr/local/cmake-3.8.0-Linux-x86_64/bin/cmake -E cmake_link_script CMakeFiles/cmTC_f05f6.dir/link.txt --verbose=1
/usr/local/bin/c++      -v -rdynamic CMakeFiles/cmTC_f05f6.dir/CMakeCXXCompilerABI.cpp.o  -o cmTC_f05f6 
Using built-in specs.
COLLECT_GCC=/usr/local/bin/c++
COLLECT_LTO_WRAPPER=/usr/local/libexec/gcc/x86_64-pc-linux-gnu/6.3.0/lto-wrapper
Target: x86_64-pc-linux-gnu
Configured with: ./configure
Thread model: posix
gcc version 6.3.0 (GCC) 
COMPILER_PATH=/usr/local/libexec/gcc/x86_64-pc-linux-gnu/6.3.0/:/usr/local/libexec/gcc/x86_64-pc-linux-gnu/6.3.0/:/usr/local/libexec/gcc/x86_64-pc-linux-gnu/:/usr/local/lib/gcc/x86_64-pc-linux-gnu/6.3.0/:/usr/local/lib/gcc/x86_64-pc-linux-gnu/
LIBRARY_PATH=/usr/local/lib/gcc/x86_64-pc-linux-gnu/6.3.0/:/usr/local/lib/gcc/x86_64-pc-linux-gnu/6.3.0/../../../../lib64/:/lib/../lib64/:/usr/lib/../lib64/:/usr/local/lib/gcc/x86_64-pc-linux-gnu/6.3.0/../../../:/lib/:/usr/lib/
COLLECT_GCC_OPTIONS='-v' '-rdynamic' '-o' 'cmTC_f05f6' '-shared-libgcc' '-mtune=generic' '-march=x86-64'
 /usr/local/libexec/gcc/x86_64-pc-linux-gnu/6.3.0/collect2 -plugin /usr/local/libexec/gcc/x86_64-pc-linux-gnu/6.3.0/liblto_plugin.so -plugin-opt=/usr/local/libexec/gcc/x86_64-pc-linux-gnu/6.3.0/lto-wrapper -plugin-opt=-fresolution=/tmp/ccRDOyKr.res -plugin-opt=-pass-through=-lgcc_s -plugin-opt=-pass-through=-lgcc -plugin-opt=-pass-through=-lc -plugin-opt=-pass-through=-lgcc_s -plugin-opt=-pass-through=-lgcc --eh-frame-hdr -m elf_x86_64 -export-dynamic -dynamic-linker /lib64/ld-linux-x86-64.so.2 -o cmTC_f05f6 /lib/../lib64/crt1.o /lib/../lib64/crti.o /usr/local/lib/gcc/x86_64-pc-linux-gnu/6.3.0/crtbegin.o -L/usr/local/lib/gcc/x86_64-pc-linux-gnu/6.3.0 -L/usr/local/lib/gcc/x86_64-pc-linux-gnu/6.3.0/../../../../lib64 -L/lib/../lib64 -L/usr/lib/../lib64 -L/usr/local/lib/gcc/x86_64-pc-linux-gnu/6.3.0/../../.. CMakeFiles/cmTC_f05f6.dir/CMakeCXXCompilerABI.cpp.o -lstdc++ -lm -lgcc_s -lgcc -lc -lgcc_s -lgcc /usr/local/lib/gcc/x86_64-pc-linux-gnu/6.3.0/crtend.o /lib/../lib64/crtn.o
COLLECT_GCC_OPTIONS='-v' '-rdynamic' '-o' 'cmTC_f05f6' '-shared-libgcc' '-mtune=generic' '-march=x86-64'
gmake[1]: Leaving directory `/data/home/hjbc0921/seqan/tutorial/my_project-build/release/CMakeFiles/CMakeTmp'


Parsed CXX implicit link information from above output:
  link line regex: [^( *|.*[/\])(ld|([^/\]+-)?ld|collect2)[^/\]*( |$)]
  ignore line: [Change Dir: /data/home/hjbc0921/seqan/tutorial/my_project-build/release/CMakeFiles/CMakeTmp]
  ignore line: []
  ignore line: [Run Build Command:"/usr/bin/gmake" "cmTC_f05f6/fast"]
  ignore line: [/usr/bin/gmake -f CMakeFiles/cmTC_f05f6.dir/build.make CMakeFiles/cmTC_f05f6.dir/build]
  ignore line: [gmake[1]: Entering directory `/data/home/hjbc0921/seqan/tutorial/my_project-build/release/CMakeFiles/CMakeTmp']
  ignore line: [Building CXX object CMakeFiles/cmTC_f05f6.dir/CMakeCXXCompilerABI.cpp.o]
  ignore line: [/usr/local/bin/c++     -o CMakeFiles/cmTC_f05f6.dir/CMakeCXXCompilerABI.cpp.o -c /usr/local/cmake-3.8.0-Linux-x86_64/share/cmake-3.8/Modules/CMakeCXXCompilerABI.cpp]
  ignore line: [Linking CXX executable cmTC_f05f6]
  ignore line: [/usr/local/cmake-3.8.0-Linux-x86_64/bin/cmake -E cmake_link_script CMakeFiles/cmTC_f05f6.dir/link.txt --verbose=1]
  ignore line: [/usr/local/bin/c++      -v -rdynamic CMakeFiles/cmTC_f05f6.dir/CMakeCXXCompilerABI.cpp.o  -o cmTC_f05f6 ]
  ignore line: [Using built-in specs.]
  ignore line: [COLLECT_GCC=/usr/local/bin/c++]
  ignore line: [COLLECT_LTO_WRAPPER=/usr/local/libexec/gcc/x86_64-pc-linux-gnu/6.3.0/lto-wrapper]
  ignore line: [Target: x86_64-pc-linux-gnu]
  ignore line: [Configured with: ./configure]
  ignore line: [Thread model: posix]
  ignore line: [gcc version 6.3.0 (GCC) ]
  ignore line: [COMPILER_PATH=/usr/local/libexec/gcc/x86_64-pc-linux-gnu/6.3.0/:/usr/local/libexec/gcc/x86_64-pc-linux-gnu/6.3.0/:/usr/local/libexec/gcc/x86_64-pc-linux-gnu/:/usr/local/lib/gcc/x86_64-pc-linux-gnu/6.3.0/:/usr/local/lib/gcc/x86_64-pc-linux-gnu/]
  ignore line: [LIBRARY_PATH=/usr/local/lib/gcc/x86_64-pc-linux-gnu/6.3.0/:/usr/local/lib/gcc/x86_64-pc-linux-gnu/6.3.0/../../../../lib64/:/lib/../lib64/:/usr/lib/../lib64/:/usr/local/lib/gcc/x86_64-pc-linux-gnu/6.3.0/../../../:/lib/:/usr/lib/]
  ignore line: [COLLECT_GCC_OPTIONS='-v' '-rdynamic' '-o' 'cmTC_f05f6' '-shared-libgcc' '-mtune=generic' '-march=x86-64']
  link line: [ /usr/local/libexec/gcc/x86_64-pc-linux-gnu/6.3.0/collect2 -plugin /usr/local/libexec/gcc/x86_64-pc-linux-gnu/6.3.0/liblto_plugin.so -plugin-opt=/usr/local/libexec/gcc/x86_64-pc-linux-gnu/6.3.0/lto-wrapper -plugin-opt=-fresolution=/tmp/ccRDOyKr.res -plugin-opt=-pass-through=-lgcc_s -plugin-opt=-pass-through=-lgcc -plugin-opt=-pass-through=-lc -plugin-opt=-pass-through=-lgcc_s -plugin-opt=-pass-through=-lgcc --eh-frame-hdr -m elf_x86_64 -export-dynamic -dynamic-linker /lib64/ld-linux-x86-64.so.2 -o cmTC_f05f6 /lib/../lib64/crt1.o /lib/../lib64/crti.o /usr/local/lib/gcc/x86_64-pc-linux-gnu/6.3.0/crtbegin.o -L/usr/local/lib/gcc/x86_64-pc-linux-gnu/6.3.0 -L/usr/local/lib/gcc/x86_64-pc-linux-gnu/6.3.0/../../../../lib64 -L/lib/../lib64 -L/usr/lib/../lib64 -L/usr/local/lib/gcc/x86_64-pc-linux-gnu/6.3.0/../../.. CMakeFiles/cmTC_f05f6.dir/CMakeCXXCompilerABI.cpp.o -lstdc++ -lm -lgcc_s -lgcc -lc -lgcc_s -lgcc /usr/local/lib/gcc/x86_64-pc-linux-gnu/6.3.0/crtend.o /lib/../lib64/crtn.o]
    arg [/usr/local/libexec/gcc/x86_64-pc-linux-gnu/6.3.0/collect2] ==> ignore
    arg [-plugin] ==> ignore
    arg [/usr/local/libexec/gcc/x86_64-pc-linux-gnu/6.3.0/liblto_plugin.so] ==> ignore
    arg [-plugin-opt=/usr/local/libexec/gcc/x86_64-pc-linux-gnu/6.3.0/lto-wrapper] ==> ignore
    arg [-plugin-opt=-fresolution=/tmp/ccRDOyKr.res] ==> ignore
    arg [-plugin-opt=-pass-through=-lgcc_s] ==> ignore
    arg [-plugin-opt=-pass-through=-lgcc] ==> ignore
    arg [-plugin-opt=-pass-through=-lc] ==> ignore
    arg [-plugin-opt=-pass-through=-lgcc_s] ==> ignore
    arg [-plugin-opt=-pass-through=-lgcc] ==> ignore
    arg [--eh-frame-hdr] ==> ignore
    arg [-m] ==> ignore
    arg [elf_x86_64] ==> ignore
    arg [-export-dynamic] ==> ignore
    arg [-dynamic-linker] ==> ignore
    arg [/lib64/ld-linux-x86-64.so.2] ==> ignore
    arg [-o] ==> ignore
    arg [cmTC_f05f6] ==> ignore
    arg [/lib/../lib64/crt1.o] ==> ignore
    arg [/lib/../lib64/crti.o] ==> ignore
    arg [/usr/local/lib/gcc/x86_64-pc-linux-gnu/6.3.0/crtbegin.o] ==> ignore
    arg [-L/usr/local/lib/gcc/x86_64-pc-linux-gnu/6.3.0] ==> dir [/usr/local/lib/gcc/x86_64-pc-linux-gnu/6.3.0]
    arg [-L/usr/local/lib/gcc/x86_64-pc-linux-gnu/6.3.0/../../../../lib64] ==> dir [/usr/local/lib/gcc/x86_64-pc-linux-gnu/6.3.0/../../../../lib64]
    arg [-L/lib/../lib64] ==> dir [/lib/../lib64]
    arg [-L/usr/lib/../lib64] ==> dir [/usr/lib/../lib64]
    arg [-L/usr/local/lib/gcc/x86_64-pc-linux-gnu/6.3.0/../../..] ==> dir [/usr/local/lib/gcc/x86_64-pc-linux-gnu/6.3.0/../../..]
    arg [CMakeFiles/cmTC_f05f6.dir/CMakeCXXCompilerABI.cpp.o] ==> ignore
    arg [-lstdc++] ==> lib [stdc++]
    arg [-lm] ==> lib [m]
    arg [-lgcc_s] ==> lib [gcc_s]
    arg [-lgcc] ==> lib [gcc]
    arg [-lc] ==> lib [c]
    arg [-lgcc_s] ==> lib [gcc_s]
    arg [-lgcc] ==> lib [gcc]
    arg [/usr/local/lib/gcc/x86_64-pc-linux-gnu/6.3.0/crtend.o] ==> ignore
    arg [/lib/../lib64/crtn.o] ==> ignore
  remove lib [gcc_s]
  remove lib [gcc]
  remove lib [gcc_s]
  remove lib [gcc]
  collapse library dir [/usr/local/lib/gcc/x86_64-pc-linux-gnu/6.3.0] ==> [/usr/local/lib/gcc/x86_64-pc-linux-gnu/6.3.0]
  collapse library dir [/usr/local/lib/gcc/x86_64-pc-linux-gnu/6.3.0/../../../../lib64] ==> [/usr/local/lib64]
  collapse library dir [/lib/../lib64] ==> [/lib64]
  collapse library dir [/usr/lib/../lib64] ==> [/usr/lib64]
  collapse library dir [/usr/local/lib/gcc/x86_64-pc-linux-gnu/6.3.0/../../..] ==> [/usr/local/lib]
  implicit libs: [stdc++;m;c]
  implicit dirs: [/usr/local/lib/gcc/x86_64-pc-linux-gnu/6.3.0;/usr/local/lib64;/lib64;/usr/lib64;/usr/local/lib]
  implicit fwks: []




Detecting CXX [-std=c++1z] compiler features compiled with the following output:
Change Dir: /data/home/hjbc0921/seqan/tutorial/my_project-build/release/CMakeFiles/CMakeTmp

Run Build Command:"/usr/bin/gmake" "cmTC_c4a11/fast"
/usr/bin/gmake -f CMakeFiles/cmTC_c4a11.dir/build.make CMakeFiles/cmTC_c4a11.dir/build
gmake[1]: Entering directory `/data/home/hjbc0921/seqan/tutorial/my_project-build/release/CMakeFiles/CMakeTmp'
Building CXX object CMakeFiles/cmTC_c4a11.dir/feature_tests.cxx.o
/usr/local/bin/c++    -std=c++1z -o CMakeFiles/cmTC_c4a11.dir/feature_tests.cxx.o -c /data/home/hjbc0921/seqan/tutorial/my_project-build/release/CMakeFiles/feature_tests.cxx
Linking CXX executable cmTC_c4a11
/usr/local/cmake-3.8.0-Linux-x86_64/bin/cmake -E cmake_link_script CMakeFiles/cmTC_c4a11.dir/link.txt --verbose=1
/usr/local/bin/c++       -rdynamic CMakeFiles/cmTC_c4a11.dir/feature_tests.cxx.o  -o cmTC_c4a11 
gmake[1]: Leaving directory `/data/home/hjbc0921/seqan/tutorial/my_project-build/release/CMakeFiles/CMakeTmp'


    Feature record: CXX_FEATURE:1cxx_aggregate_default_initializers
    Feature record: CXX_FEATURE:1cxx_alias_templates
    Feature record: CXX_FEATURE:1cxx_alignas
    Feature record: CXX_FEATURE:1cxx_alignof
    Feature record: CXX_FEATURE:1cxx_attributes
    Feature record: CXX_FEATURE:1cxx_attribute_deprecated
    Feature record: CXX_FEATURE:1cxx_auto_type
    Feature record: CXX_FEATURE:1cxx_binary_literals
    Feature record: CXX_FEATURE:1cxx_constexpr
    Feature record: CXX_FEATURE:1cxx_contextual_conversions
    Feature record: CXX_FEATURE:1cxx_decltype
    Feature record: CXX_FEATURE:1cxx_decltype_auto
    Feature record: CXX_FEATURE:1cxx_decltype_incomplete_return_types
    Feature record: CXX_FEATURE:1cxx_default_function_template_args
    Feature record: CXX_FEATURE:1cxx_defaulted_functions
    Feature record: CXX_FEATURE:1cxx_defaulted_move_initializers
    Feature record: CXX_FEATURE:1cxx_delegating_constructors
    Feature record: CXX_FEATURE:1cxx_deleted_functions
    Feature record: CXX_FEATURE:1cxx_digit_separators
    Feature record: CXX_FEATURE:1cxx_enum_forward_declarations
    Feature record: CXX_FEATURE:1cxx_explicit_conversions
    Feature record: CXX_FEATURE:1cxx_extended_friend_declarations
    Feature record: CXX_FEATURE:1cxx_extern_templates
    Feature record: CXX_FEATURE:1cxx_final
    Feature record: CXX_FEATURE:1cxx_func_identifier
    Feature record: CXX_FEATURE:1cxx_generalized_initializers
    Feature record: CXX_FEATURE:1cxx_generic_lambdas
    Feature record: CXX_FEATURE:1cxx_inheriting_constructors
    Feature record: CXX_FEATURE:1cxx_inline_namespaces
    Feature record: CXX_FEATURE:1cxx_lambdas
    Feature record: CXX_FEATURE:1cxx_lambda_init_captures
    Feature record: CXX_FEATURE:1cxx_local_type_template_args
    Feature record: CXX_FEATURE:1cxx_long_long_type
    Feature record: CXX_FEATURE:1cxx_noexcept
    Feature record: CXX_FEATURE:1cxx_nonstatic_member_init
    Feature record: CXX_FEATURE:1cxx_nullptr
    Feature record: CXX_FEATURE:1cxx_override
    Feature record: CXX_FEATURE:1cxx_range_for
    Feature record: CXX_FEATURE:1cxx_raw_string_literals
    Feature record: CXX_FEATURE:1cxx_reference_qualified_functions
    Feature record: CXX_FEATURE:1cxx_relaxed_constexpr
    Feature record: CXX_FEATURE:1cxx_return_type_deduction
    Feature record: CXX_FEATURE:1cxx_right_angle_brackets
    Feature record: CXX_FEATURE:1cxx_rvalue_references
    Feature record: CXX_FEATURE:1cxx_sizeof_member
    Feature record: CXX_FEATURE:1cxx_static_assert
    Feature record: CXX_FEATURE:1cxx_strong_enums
    Feature record: CXX_FEATURE:1cxx_template_template_parameters
    Feature record: CXX_FEATURE:1cxx_thread_local
    Feature record: CXX_FEATURE:1cxx_trailing_return_types
    Feature record: CXX_FEATURE:1cxx_unicode_literals
    Feature record: CXX_FEATURE:1cxx_uniform_initialization
    Feature record: CXX_FEATURE:1cxx_unrestricted_unions
    Feature record: CXX_FEATURE:1cxx_user_literals
    Feature record: CXX_FEATURE:1cxx_variable_templates
    Feature record: CXX_FEATURE:1cxx_variadic_macros
    Feature record: CXX_FEATURE:1cxx_variadic_templates


Detecting CXX [-std=c++14] compiler features compiled with the following output:
Change Dir: /data/home/hjbc0921/seqan/tutorial/my_project-build/release/CMakeFiles/CMakeTmp

Run Build Command:"/usr/bin/gmake" "cmTC_5c0e5/fast"
/usr/bin/gmake -f CMakeFiles/cmTC_5c0e5.dir/build.make CMakeFiles/cmTC_5c0e5.dir/build
gmake[1]: Entering directory `/data/home/hjbc0921/seqan/tutorial/my_project-build/release/CMakeFiles/CMakeTmp'
Building CXX object CMakeFiles/cmTC_5c0e5.dir/feature_tests.cxx.o
/usr/local/bin/c++    -std=c++14 -o CMakeFiles/cmTC_5c0e5.dir/feature_tests.cxx.o -c /data/home/hjbc0921/seqan/tutorial/my_project-build/release/CMakeFiles/feature_tests.cxx
Linking CXX executable cmTC_5c0e5
/usr/local/cmake-3.8.0-Linux-x86_64/bin/cmake -E cmake_link_script CMakeFiles/cmTC_5c0e5.dir/link.txt --verbose=1
/usr/local/bin/c++       -rdynamic CMakeFiles/cmTC_5c0e5.dir/feature_tests.cxx.o  -o cmTC_5c0e5 
gmake[1]: Leaving directory `/data/home/hjbc0921/seqan/tutorial/my_project-build/release/CMakeFiles/CMakeTmp'


    Feature record: CXX_FEATURE:1cxx_aggregate_default_initializers
    Feature record: CXX_FEATURE:1cxx_alias_templates
    Feature record: CXX_FEATURE:1cxx_alignas
    Feature record: CXX_FEATURE:1cxx_alignof
    Feature record: CXX_FEATURE:1cxx_attributes
    Feature record: CXX_FEATURE:1cxx_attribute_deprecated
    Feature record: CXX_FEATURE:1cxx_auto_type
    Feature record: CXX_FEATURE:1cxx_binary_literals
    Feature record: CXX_FEATURE:1cxx_constexpr
    Feature record: CXX_FEATURE:1cxx_contextual_conversions
    Feature record: CXX_FEATURE:1cxx_decltype
    Feature record: CXX_FEATURE:1cxx_decltype_auto
    Feature record: CXX_FEATURE:1cxx_decltype_incomplete_return_types
    Feature record: CXX_FEATURE:1cxx_default_function_template_args
    Feature record: CXX_FEATURE:1cxx_defaulted_functions
    Feature record: CXX_FEATURE:1cxx_defaulted_move_initializers
    Feature record: CXX_FEATURE:1cxx_delegating_constructors
    Feature record: CXX_FEATURE:1cxx_deleted_functions
    Feature record: CXX_FEATURE:1cxx_digit_separators
    Feature record: CXX_FEATURE:1cxx_enum_forward_declarations
    Feature record: CXX_FEATURE:1cxx_explicit_conversions
    Feature record: CXX_FEATURE:1cxx_extended_friend_declarations
    Feature record: CXX_FEATURE:1cxx_extern_templates
    Feature record: CXX_FEATURE:1cxx_final
    Feature record: CXX_FEATURE:1cxx_func_identifier
    Feature record: CXX_FEATURE:1cxx_generalized_initializers
    Feature record: CXX_FEATURE:1cxx_generic_lambdas
    Feature record: CXX_FEATURE:1cxx_inheriting_constructors
    Feature record: CXX_FEATURE:1cxx_inline_namespaces
    Feature record: CXX_FEATURE:1cxx_lambdas
    Feature record: CXX_FEATURE:1cxx_lambda_init_captures
    Feature record: CXX_FEATURE:1cxx_local_type_template_args
    Feature record: CXX_FEATURE:1cxx_long_long_type
    Feature record: CXX_FEATURE:1cxx_noexcept
    Feature record: CXX_FEATURE:1cxx_nonstatic_member_init
    Feature record: CXX_FEATURE:1cxx_nullptr
    Feature record: CXX_FEATURE:1cxx_override
    Feature record: CXX_FEATURE:1cxx_range_for
    Feature record: CXX_FEATURE:1cxx_raw_string_literals
    Feature record: CXX_FEATURE:1cxx_reference_qualified_functions
    Feature record: CXX_FEATURE:1cxx_relaxed_constexpr
    Feature record: CXX_FEATURE:1cxx_return_type_deduction
    Feature record: CXX_FEATURE:1cxx_right_angle_brackets
    Feature record: CXX_FEATURE:1cxx_rvalue_references
    Feature record: CXX_FEATURE:1cxx_sizeof_member
    Feature record: CXX_FEATURE:1cxx_static_assert
    Feature record: CXX_FEATURE:1cxx_strong_enums
    Feature record: CXX_FEATURE:1cxx_template_template_parameters
    Feature record: CXX_FEATURE:1cxx_thread_local
    Feature record: CXX_FEATURE:1cxx_trailing_return_types
    Feature record: CXX_FEATURE:1cxx_unicode_literals
    Feature record: CXX_FEATURE:1cxx_uniform_initialization
    Feature record: CXX_FEATURE:1cxx_unrestricted_unions
    Feature record: CXX_FEATURE:1cxx_user_literals
    Feature record: CXX_FEATURE:1cxx_variable_templates
    Feature record: CXX_FEATURE:1cxx_variadic_macros
    Feature record: CXX_FEATURE:1cxx_variadic_templates


Detecting CXX [-std=c++11] compiler features compiled with the following output:
Change Dir: /data/home/hjbc0921/seqan/tutorial/my_project-build/release/CMakeFiles/CMakeTmp

Run Build Command:"/usr/bin/gmake" "cmTC_5a581/fast"
/usr/bin/gmake -f CMakeFiles/cmTC_5a581.dir/build.make CMakeFiles/cmTC_5a581.dir/build
gmake[1]: Entering directory `/data/home/hjbc0921/seqan/tutorial/my_project-build/release/CMakeFiles/CMakeTmp'
Building CXX object CMakeFiles/cmTC_5a581.dir/feature_tests.cxx.o
/usr/local/bin/c++    -std=c++11 -o CMakeFiles/cmTC_5a581.dir/feature_tests.cxx.o -c /data/home/hjbc0921/seqan/tutorial/my_project-build/release/CMakeFiles/feature_tests.cxx
Linking CXX executable cmTC_5a581
/usr/local/cmake-3.8.0-Linux-x86_64/bin/cmake -E cmake_link_script CMakeFiles/cmTC_5a581.dir/link.txt --verbose=1
/usr/local/bin/c++       -rdynamic CMakeFiles/cmTC_5a581.dir/feature_tests.cxx.o  -o cmTC_5a581 
gmake[1]: Leaving directory `/data/home/hjbc0921/seqan/tutorial/my_project-build/release/CMakeFiles/CMakeTmp'


    Feature record: CXX_FEATURE:0cxx_aggregate_default_initializers
    Feature record: CXX_FEATURE:1cxx_alias_templates
    Feature record: CXX_FEATURE:1cxx_alignas
    Feature record: CXX_FEATURE:1cxx_alignof
    Feature record: CXX_FEATURE:1cxx_attributes
    Feature record: CXX_FEATURE:0cxx_attribute_deprecated
    Feature record: CXX_FEATURE:1cxx_auto_type
    Feature record: CXX_FEATURE:0cxx_binary_literals
    Feature record: CXX_FEATURE:1cxx_constexpr
    Feature record: CXX_FEATURE:0cxx_contextual_conversions
    Feature record: CXX_FEATURE:1cxx_decltype
    Feature record: CXX_FEATURE:0cxx_decltype_auto
    Feature record: CXX_FEATURE:1cxx_decltype_incomplete_return_types
    Feature record: CXX_FEATURE:1cxx_default_function_template_args
    Feature record: CXX_FEATURE:1cxx_defaulted_functions
    Feature record: CXX_FEATURE:1cxx_defaulted_move_initializers
    Feature record: CXX_FEATURE:1cxx_delegating_constructors
    Feature record: CXX_FEATURE:1cxx_deleted_functions
    Feature record: CXX_FEATURE:0cxx_digit_separators
    Feature record: CXX_FEATURE:1cxx_enum_forward_declarations
    Feature record: CXX_FEATURE:1cxx_explicit_conversions
    Feature record: CXX_FEATURE:1cxx_extended_friend_declarations
    Feature record: CXX_FEATURE:1cxx_extern_templates
    Feature record: CXX_FEATURE:1cxx_final
    Feature record: CXX_FEATURE:1cxx_func_identifier
    Feature record: CXX_FEATURE:1cxx_generalized_initializers
    Feature record: CXX_FEATURE:0cxx_generic_lambdas
    Feature record: CXX_FEATURE:1cxx_inheriting_constructors
    Feature record: CXX_FEATURE:1cxx_inline_namespaces
    Feature record: CXX_FEATURE:1cxx_lambdas
    Feature record: CXX_FEATURE:0cxx_lambda_init_captures
    Feature record: CXX_FEATURE:1cxx_local_type_template_args
    Feature record: CXX_FEATURE:1cxx_long_long_type
    Feature record: CXX_FEATURE:1cxx_noexcept
    Feature record: CXX_FEATURE:1cxx_nonstatic_member_init
    Feature record: CXX_FEATURE:1cxx_nullptr
    Feature record: CXX_FEATURE:1cxx_override
    Feature record: CXX_FEATURE:1cxx_range_for
    Feature record: CXX_FEATURE:1cxx_raw_string_literals
    Feature record: CXX_FEATURE:1cxx_reference_qualified_functions
    Feature record: CXX_FEATURE:0cxx_relaxed_constexpr
    Feature record: CXX_FEATURE:0cxx_return_type_deduction
    Feature record: CXX_FEATURE:1cxx_right_angle_brackets
    Feature record: CXX_FEATURE:1cxx_rvalue_references
    Feature record: CXX_FEATURE:1cxx_sizeof_member
    Feature record: CXX_FEATURE:1cxx_static_assert
    Feature record: CXX_FEATURE:1cxx_strong_enums
    Feature record: CXX_FEATURE:1cxx_template_template_parameters
    Feature record: CXX_FEATURE:1cxx_thread_local
    Feature record: CXX_FEATURE:1cxx_trailing_return_types
    Feature record: CXX_FEATURE:1cxx_unicode_literals
    Feature record: CXX_FEATURE:1cxx_uniform_initialization
    Feature record: CXX_FEATURE:1cxx_unrestricted_unions
    Feature record: CXX_FEATURE:1cxx_user_literals
    Feature record: CXX_FEATURE:0cxx_variable_templates
    Feature record: CXX_FEATURE:1cxx_variadic_macros
    Feature record: CXX_FEATURE:1cxx_variadic_templates


Detecting CXX [-std=c++98] compiler features compiled with the following output:
Change Dir: /data/home/hjbc0921/seqan/tutorial/my_project-build/release/CMakeFiles/CMakeTmp

Run Build Command:"/usr/bin/gmake" "cmTC_80c47/fast"
/usr/bin/gmake -f CMakeFiles/cmTC_80c47.dir/build.make CMakeFiles/cmTC_80c47.dir/build
gmake[1]: Entering directory `/data/home/hjbc0921/seqan/tutorial/my_project-build/release/CMakeFiles/CMakeTmp'
Building CXX object CMakeFiles/cmTC_80c47.dir/feature_tests.cxx.o
/usr/local/bin/c++    -std=c++98 -o CMakeFiles/cmTC_80c47.dir/feature_tests.cxx.o -c /data/home/hjbc0921/seqan/tutorial/my_project-build/release/CMakeFiles/feature_tests.cxx
Linking CXX executable cmTC_80c47
/usr/local/cmake-3.8.0-Linux-x86_64/bin/cmake -E cmake_link_script CMakeFiles/cmTC_80c47.dir/link.txt --verbose=1
/usr/local/bin/c++       -rdynamic CMakeFiles/cmTC_80c47.dir/feature_tests.cxx.o  -o cmTC_80c47 
gmake[1]: Leaving directory `/data/home/hjbc0921/seqan/tutorial/my_project-build/release/CMakeFiles/CMakeTmp'


    Feature record: CXX_FEATURE:0cxx_aggregate_default_initializers
    Feature record: CXX_FEATURE:0cxx_alias_templates
    Feature record: CXX_FEATURE:0cxx_alignas
    Feature record: CXX_FEATURE:0cxx_alignof
    Feature record: CXX_FEATURE:0cxx_attributes
    Feature record: CXX_FEATURE:0cxx_attribute_deprecated
    Feature record: CXX_FEATURE:0cxx_auto_type
    Feature record: CXX_FEATURE:0cxx_binary_literals
    Feature record: CXX_FEATURE:0cxx_constexpr
    Feature record: CXX_FEATURE:0cxx_contextual_conversions
    Feature record: CXX_FEATURE:0cxx_decltype
    Feature record: CXX_FEATURE:0cxx_decltype_auto
    Feature record: CXX_FEATURE:0cxx_decltype_incomplete_return_types
    Feature record: CXX_FEATURE:0cxx_default_function_template_args
    Feature record: CXX_FEATURE:0cxx_defaulted_functions
    Feature record: CXX_FEATURE:0cxx_defaulted_move_initializers
    Feature record: CXX_FEATURE:0cxx_delegating_constructors
    Feature record: CXX_FEATURE:0cxx_deleted_functions
    Feature record: CXX_FEATURE:0cxx_digit_separators
    Feature record: CXX_FEATURE:0cxx_enum_forward_declarations
    Feature record: CXX_FEATURE:0cxx_explicit_conversions
    Feature record: CXX_FEATURE:0cxx_extended_friend_declarations
    Feature record: CXX_FEATURE:0cxx_extern_templates
    Feature record: CXX_FEATURE:0cxx_final
    Feature record: CXX_FEATURE:0cxx_func_identifier
    Feature record: CXX_FEATURE:0cxx_generalized_initializers
    Feature record: CXX_FEATURE:0cxx_generic_lambdas
    Feature record: CXX_FEATURE:0cxx_inheriting_constructors
    Feature record: CXX_FEATURE:0cxx_inline_namespaces
    Feature record: CXX_FEATURE:0cxx_lambdas
    Feature record: CXX_FEATURE:0cxx_lambda_init_captures
    Feature record: CXX_FEATURE:0cxx_local_type_template_args
    Feature record: CXX_FEATURE:0cxx_long_long_type
    Feature record: CXX_FEATURE:0cxx_noexcept
    Feature record: CXX_FEATURE:0cxx_nonstatic_member_init
    Feature record: CXX_FEATURE:0cxx_nullptr
    Feature record: CXX_FEATURE:0cxx_override
    Feature record: CXX_FEATURE:0cxx_range_for
    Feature record: CXX_FEATURE:0cxx_raw_string_literals
    Feature record: CXX_FEATURE:0cxx_reference_qualified_functions
    Feature record: CXX_FEATURE:0cxx_relaxed_constexpr
    Feature record: CXX_FEATURE:0cxx_return_type_deduction
    Feature record: CXX_FEATURE:0cxx_right_angle_brackets
    Feature record: CXX_FEATURE:0cxx_rvalue_references
    Feature record: CXX_FEATURE:0cxx_sizeof_member
    Feature record: CXX_FEATURE:0cxx_static_assert
    Feature record: CXX_FEATURE:0cxx_strong_enums
    Feature record: CXX_FEATURE:1cxx_template_template_parameters
    Feature record: CXX_FEATURE:0cxx_thread_local
    Feature record: CXX_FEATURE:0cxx_trailing_return_types
    Feature record: CXX_FEATURE:0cxx_unicode_literals
    Feature record: CXX_FEATURE:0cxx_uniform_initialization
    Feature record: CXX_FEATURE:0cxx_unrestricted_unions
    Feature record: CXX_FEATURE:0cxx_user_literals
    Feature record: CXX_FEATURE:0cxx_variable_templates
    Feature record: CXX_FEATURE:0cxx_variadic_macros
    Feature record: CXX_FEATURE:0cxx_variadic_templates
Performing C++ SOURCE FILE Test CXX14_BUILTIN succeeded with the following output:
Change Dir: /data/home/hjbc0921/seqan/tutorial/my_project-build/release/CMakeFiles/CMakeTmp

Run Build Command:"/usr/bin/gmake" "cmTC_82ec9/fast"
/usr/bin/gmake -f CMakeFiles/cmTC_82ec9.dir/build.make CMakeFiles/cmTC_82ec9.dir/build
gmake[1]: Entering directory `/data/home/hjbc0921/seqan/tutorial/my_project-build/release/CMakeFiles/CMakeTmp'
Building CXX object CMakeFiles/cmTC_82ec9.dir/src.cxx.o
/usr/local/bin/c++    -DCXX14_BUILTIN   -o CMakeFiles/cmTC_82ec9.dir/src.cxx.o -c /data/home/hjbc0921/seqan/tutorial/my_project-build/release/CMakeFiles/CMakeTmp/src.cxx
Linking CXX executable cmTC_82ec9
/usr/local/cmake-3.8.0-Linux-x86_64/bin/cmake -E cmake_link_script CMakeFiles/cmTC_82ec9.dir/link.txt --verbose=1
/usr/local/bin/c++   -DCXX14_BUILTIN    -rdynamic CMakeFiles/cmTC_82ec9.dir/src.cxx.o  -o cmTC_82ec9 
gmake[1]: Leaving directory `/data/home/hjbc0921/seqan/tutorial/my_project-build/release/CMakeFiles/CMakeTmp'

Source file was:
#if !defined(__cplusplus) || (__cplusplus < 201300L)
    #error NOCXX14
    #endif
    int main() {}
Determining if the include file execinfo.h exists passed with the following output:
Change Dir: /data/home/hjbc0921/seqan/tutorial/my_project-build/release/CMakeFiles/CMakeTmp

Run Build Command:"/usr/bin/gmake" "cmTC_45520/fast"
/usr/bin/gmake -f CMakeFiles/cmTC_45520.dir/build.make CMakeFiles/cmTC_45520.dir/build
gmake[1]: Entering directory `/data/home/hjbc0921/seqan/tutorial/my_project-build/release/CMakeFiles/CMakeTmp'
Building CXX object CMakeFiles/cmTC_45520.dir/CheckIncludeFile.cxx.o
/usr/local/bin/c++     -o CMakeFiles/cmTC_45520.dir/CheckIncludeFile.cxx.o -c /data/home/hjbc0921/seqan/tutorial/my_project-build/release/CMakeFiles/CMakeTmp/CheckIncludeFile.cxx
Linking CXX executable cmTC_45520
/usr/local/cmake-3.8.0-Linux-x86_64/bin/cmake -E cmake_link_script CMakeFiles/cmTC_45520.dir/link.txt --verbose=1
/usr/local/bin/c++       -rdynamic CMakeFiles/cmTC_45520.dir/CheckIncludeFile.cxx.o  -o cmTC_45520 
gmake[1]: Leaving directory `/data/home/hjbc0921/seqan/tutorial/my_project-build/release/CMakeFiles/CMakeTmp'


